{"D:\\Aprendizaje continuo\\Laboratoria\\1. Proyectos\\mdlinks\\src\\api.js": {"path":"D:\\Aprendizaje continuo\\Laboratoria\\1. Proyectos\\mdlinks\\src\\api.js","statementMap":{"0":{"start":{"line":4,"column":39},"end":{"line":26,"column":1}},"1":{"start":{"line":6,"column":2},"end":{"line":25,"column":3}},"2":{"start":{"line":8,"column":4},"end":{"line":17,"column":5}},"3":{"start":{"line":9,"column":20},"end":{"line":9,"column":39}},"4":{"start":{"line":10,"column":28},"end":{"line":10,"column":44}},"5":{"start":{"line":12,"column":33},"end":{"line":14,"column":18}},"6":{"start":{"line":15,"column":6},"end":{"line":15,"column":40}},"7":{"start":{"line":16,"column":6},"end":{"line":16,"column":34}},"8":{"start":{"line":19,"column":26},"end":{"line":19,"column":44}},"9":{"start":{"line":20,"column":31},"end":{"line":22,"column":16}},"10":{"start":{"line":24,"column":4},"end":{"line":24,"column":32}},"11":{"start":{"line":28,"column":34},"end":{"line":60,"column":1}},"12":{"start":{"line":29,"column":20},"end":{"line":29,"column":22}},"13":{"start":{"line":30,"column":24},"end":{"line":30,"column":60}},"14":{"start":{"line":33,"column":2},"end":{"line":59,"column":3}},"15":{"start":{"line":34,"column":20},"end":{"line":34,"column":45}},"16":{"start":{"line":37,"column":4},"end":{"line":47,"column":7}},"17":{"start":{"line":38,"column":21},"end":{"line":38,"column":55}},"18":{"start":{"line":40,"column":6},"end":{"line":46,"column":7}},"19":{"start":{"line":41,"column":8},"end":{"line":41,"column":68}},"20":{"start":{"line":43,"column":8},"end":{"line":45,"column":9}},"21":{"start":{"line":44,"column":10},"end":{"line":44,"column":37}},"22":{"start":{"line":49,"column":4},"end":{"line":49,"column":23}},"23":{"start":{"line":52,"column":4},"end":{"line":58,"column":5}},"24":{"start":{"line":53,"column":6},"end":{"line":53,"column":37}},"25":{"start":{"line":54,"column":6},"end":{"line":54,"column":25}},"26":{"start":{"line":57,"column":6},"end":{"line":57,"column":22}},"27":{"start":{"line":62,"column":28},"end":{"line":66,"column":1}},"28":{"start":{"line":63,"column":2},"end":{"line":65,"column":4}},"29":{"start":{"line":64,"column":4},"end":{"line":64,"column":59}},"30":{"start":{"line":68,"column":27},"end":{"line":73,"column":1}},"31":{"start":{"line":69,"column":2},"end":{"line":69,"column":25}},"32":{"start":{"line":70,"column":2},"end":{"line":70,"column":28}},"33":{"start":{"line":71,"column":16},"end":{"line":71,"column":18}}},"fnMap":{"0":{"name":"(anonymous_0)","decl":{"start":{"line":4,"column":39},"end":{"line":4,"column":40}},"loc":{"start":{"line":4,"column":54},"end":{"line":26,"column":1}},"line":4},"1":{"name":"(anonymous_1)","decl":{"start":{"line":28,"column":34},"end":{"line":28,"column":35}},"loc":{"start":{"line":28,"column":52},"end":{"line":60,"column":1}},"line":28},"2":{"name":"(anonymous_2)","decl":{"start":{"line":37,"column":22},"end":{"line":37,"column":23}},"loc":{"start":{"line":37,"column":32},"end":{"line":47,"column":5}},"line":37},"3":{"name":"(anonymous_3)","decl":{"start":{"line":62,"column":28},"end":{"line":62,"column":29}},"loc":{"start":{"line":62,"column":42},"end":{"line":66,"column":1}},"line":62},"4":{"name":"(anonymous_4)","decl":{"start":{"line":63,"column":22},"end":{"line":63,"column":23}},"loc":{"start":{"line":64,"column":4},"end":{"line":64,"column":59}},"line":64},"5":{"name":"(anonymous_5)","decl":{"start":{"line":68,"column":27},"end":{"line":68,"column":28}},"loc":{"start":{"line":68,"column":42},"end":{"line":73,"column":1}},"line":68}},"branchMap":{"0":{"loc":{"start":{"line":6,"column":2},"end":{"line":25,"column":3}},"type":"if","locations":[{"start":{"line":6,"column":2},"end":{"line":25,"column":3}},{"start":{"line":6,"column":2},"end":{"line":25,"column":3}}],"line":6},"1":{"loc":{"start":{"line":8,"column":4},"end":{"line":17,"column":5}},"type":"if","locations":[{"start":{"line":8,"column":4},"end":{"line":17,"column":5}},{"start":{"line":8,"column":4},"end":{"line":17,"column":5}}],"line":8},"2":{"loc":{"start":{"line":12,"column":33},"end":{"line":14,"column":18}},"type":"cond-expr","locations":[{"start":{"line":13,"column":10},"end":{"line":13,"column":25}},{"start":{"line":14,"column":10},"end":{"line":14,"column":18}}],"line":12},"3":{"loc":{"start":{"line":20,"column":31},"end":{"line":22,"column":16}},"type":"cond-expr","locations":[{"start":{"line":21,"column":8},"end":{"line":21,"column":23}},{"start":{"line":22,"column":8},"end":{"line":22,"column":16}}],"line":20},"4":{"loc":{"start":{"line":33,"column":2},"end":{"line":59,"column":3}},"type":"if","locations":[{"start":{"line":33,"column":2},"end":{"line":59,"column":3}},{"start":{"line":33,"column":2},"end":{"line":59,"column":3}}],"line":33},"5":{"loc":{"start":{"line":40,"column":6},"end":{"line":46,"column":7}},"type":"if","locations":[{"start":{"line":40,"column":6},"end":{"line":46,"column":7}},{"start":{"line":40,"column":6},"end":{"line":46,"column":7}}],"line":40},"6":{"loc":{"start":{"line":40,"column":10},"end":{"line":40,"column":64}},"type":"binary-expr","locations":[{"start":{"line":40,"column":10},"end":{"line":40,"column":28}},{"start":{"line":40,"column":32},"end":{"line":40,"column":64}}],"line":40},"7":{"loc":{"start":{"line":43,"column":8},"end":{"line":45,"column":9}},"type":"if","locations":[{"start":{"line":43,"column":8},"end":{"line":45,"column":9}},{"start":{"line":43,"column":8},"end":{"line":45,"column":9}}],"line":43},"8":{"loc":{"start":{"line":52,"column":4},"end":{"line":58,"column":5}},"type":"if","locations":[{"start":{"line":52,"column":4},"end":{"line":58,"column":5}},{"start":{"line":52,"column":4},"end":{"line":58,"column":5}}],"line":52}},"s":{"0":1,"1":3,"2":0,"3":0,"4":0,"5":0,"6":0,"7":0,"8":3,"9":3,"10":3,"11":1,"12":0,"13":0,"14":0,"15":0,"16":0,"17":0,"18":0,"19":0,"20":0,"21":0,"22":0,"23":0,"24":0,"25":0,"26":0,"27":1,"28":0,"29":0,"30":1,"31":0,"32":0,"33":0},"f":{"0":3,"1":0,"2":0,"3":0,"4":0,"5":0},"b":{"0":[0,3],"1":[0,0],"2":[0,0],"3":[2,1],"4":[0,0],"5":[0,0],"6":[0,0],"7":[0,0],"8":[0,0]},"_coverageSchema":"1a1c01bbd47fc00a2c39e90264f33305004495a9","hash":"40ee53d19b12f3a0d3e5790b43db98191ee3b2e5"}
,"D:\\Aprendizaje continuo\\Laboratoria\\1. Proyectos\\mdlinks\\test\\data.js": {"path":"D:\\Aprendizaje continuo\\Laboratoria\\1. Proyectos\\mdlinks\\test\\data.js","statementMap":{"0":{"start":{"line":1,"column":13},"end":{"line":8,"column":1}}},"fnMap":{},"branchMap":{},"s":{"0":1},"f":{},"b":{},"_coverageSchema":"1a1c01bbd47fc00a2c39e90264f33305004495a9","hash":"5d8f8d535a16d8493addfb9a02dc547845d4f95b"}
}
