{"D:\\Aprendizaje continuo\\Laboratoria\\1. Proyectos\\mdlinks\\src\\api.js": {"path":"D:\\Aprendizaje continuo\\Laboratoria\\1. Proyectos\\mdlinks\\src\\api.js","statementMap":{"0":{"start":{"line":5,"column":39},"end":{"line":25,"column":1}},"1":{"start":{"line":6,"column":2},"end":{"line":24,"column":3}},"2":{"start":{"line":7,"column":4},"end":{"line":16,"column":5}},"3":{"start":{"line":8,"column":20},"end":{"line":8,"column":39}},"4":{"start":{"line":9,"column":28},"end":{"line":9,"column":44}},"5":{"start":{"line":11,"column":33},"end":{"line":13,"column":18}},"6":{"start":{"line":15,"column":6},"end":{"line":15,"column":34}},"7":{"start":{"line":18,"column":26},"end":{"line":18,"column":44}},"8":{"start":{"line":19,"column":31},"end":{"line":21,"column":16}},"9":{"start":{"line":23,"column":4},"end":{"line":23,"column":32}},"10":{"start":{"line":27,"column":34},"end":{"line":67,"column":1}},"11":{"start":{"line":31,"column":20},"end":{"line":31,"column":22}},"12":{"start":{"line":32,"column":24},"end":{"line":32,"column":60}},"13":{"start":{"line":35,"column":2},"end":{"line":66,"column":3}},"14":{"start":{"line":36,"column":20},"end":{"line":36,"column":45}},"15":{"start":{"line":39,"column":4},"end":{"line":50,"column":7}},"16":{"start":{"line":40,"column":21},"end":{"line":40,"column":55}},"17":{"start":{"line":42,"column":17},"end":{"line":42,"column":35}},"18":{"start":{"line":43,"column":6},"end":{"line":49,"column":7}},"19":{"start":{"line":44,"column":8},"end":{"line":44,"column":71}},"20":{"start":{"line":46,"column":8},"end":{"line":48,"column":9}},"21":{"start":{"line":47,"column":10},"end":{"line":47,"column":37}},"22":{"start":{"line":53,"column":4},"end":{"line":53,"column":23}},"23":{"start":{"line":56,"column":4},"end":{"line":65,"column":5}},"24":{"start":{"line":57,"column":6},"end":{"line":57,"column":37}},"25":{"start":{"line":60,"column":6},"end":{"line":60,"column":25}},"26":{"start":{"line":64,"column":6},"end":{"line":64,"column":22}},"27":{"start":{"line":69,"column":28},"end":{"line":87,"column":1}},"28":{"start":{"line":73,"column":19},"end":{"line":83,"column":4}},"29":{"start":{"line":74,"column":21},"end":{"line":74,"column":25}},"30":{"start":{"line":75,"column":21},"end":{"line":75,"column":73}},"31":{"start":{"line":76,"column":16},"end":{"line":79,"column":5}},"32":{"start":{"line":82,"column":4},"end":{"line":82,"column":15}},"33":{"start":{"line":86,"column":2},"end":{"line":86,"column":18}},"34":{"start":{"line":89,"column":29},"end":{"line":117,"column":1}},"35":{"start":{"line":93,"column":19},"end":{"line":113,"column":4}},"36":{"start":{"line":94,"column":17},"end":{"line":94,"column":23}},"37":{"start":{"line":96,"column":28},"end":{"line":96,"column":91}},"38":{"start":{"line":98,"column":24},"end":{"line":98,"column":55}},"39":{"start":{"line":99,"column":21},"end":{"line":107,"column":6}},"40":{"start":{"line":100,"column":19},"end":{"line":104,"column":7}},"41":{"start":{"line":106,"column":6},"end":{"line":106,"column":18}},"42":{"start":{"line":112,"column":4},"end":{"line":112,"column":20}},"43":{"start":{"line":116,"column":2},"end":{"line":116,"column":25}},"44":{"start":{"line":119,"column":31},"end":{"line":138,"column":1}},"45":{"start":{"line":123,"column":15},"end":{"line":134,"column":3}},"46":{"start":{"line":124,"column":4},"end":{"line":133,"column":8}},"47":{"start":{"line":126,"column":8},"end":{"line":126,"column":38}},"48":{"start":{"line":127,"column":8},"end":{"line":127,"column":66}},"49":{"start":{"line":129,"column":8},"end":{"line":129,"column":20}},"50":{"start":{"line":132,"column":8},"end":{"line":132,"column":27}},"51":{"start":{"line":137,"column":2},"end":{"line":137,"column":27}},"52":{"start":{"line":140,"column":35},"end":{"line":153,"column":1}},"53":{"start":{"line":144,"column":2},"end":{"line":152,"column":3}},"54":{"start":{"line":148,"column":4},"end":{"line":148,"column":44}},"55":{"start":{"line":151,"column":4},"end":{"line":151,"column":44}}},"fnMap":{"0":{"name":"(anonymous_0)","decl":{"start":{"line":5,"column":39},"end":{"line":5,"column":40}},"loc":{"start":{"line":5,"column":54},"end":{"line":25,"column":1}},"line":5},"1":{"name":"(anonymous_1)","decl":{"start":{"line":27,"column":34},"end":{"line":27,"column":35}},"loc":{"start":{"line":27,"column":52},"end":{"line":67,"column":1}},"line":27},"2":{"name":"(anonymous_2)","decl":{"start":{"line":39,"column":22},"end":{"line":39,"column":23}},"loc":{"start":{"line":39,"column":32},"end":{"line":50,"column":5}},"line":39},"3":{"name":"(anonymous_3)","decl":{"start":{"line":69,"column":28},"end":{"line":69,"column":29}},"loc":{"start":{"line":69,"column":47},"end":{"line":87,"column":1}},"line":69},"4":{"name":"(anonymous_4)","decl":{"start":{"line":73,"column":37},"end":{"line":73,"column":38}},"loc":{"start":{"line":73,"column":47},"end":{"line":83,"column":3}},"line":73},"5":{"name":"(anonymous_5)","decl":{"start":{"line":89,"column":29},"end":{"line":89,"column":30}},"loc":{"start":{"line":89,"column":45},"end":{"line":117,"column":1}},"line":89},"6":{"name":"(anonymous_6)","decl":{"start":{"line":93,"column":34},"end":{"line":93,"column":35}},"loc":{"start":{"line":93,"column":41},"end":{"line":113,"column":3}},"line":93},"7":{"name":"(anonymous_7)","decl":{"start":{"line":99,"column":37},"end":{"line":99,"column":38}},"loc":{"start":{"line":99,"column":44},"end":{"line":107,"column":5}},"line":99},"8":{"name":"(anonymous_8)","decl":{"start":{"line":119,"column":31},"end":{"line":119,"column":32}},"loc":{"start":{"line":119,"column":42},"end":{"line":138,"column":1}},"line":119},"9":{"name":"(anonymous_9)","decl":{"start":{"line":123,"column":25},"end":{"line":123,"column":26}},"loc":{"start":{"line":124,"column":4},"end":{"line":133,"column":8}},"line":124},"10":{"name":"(anonymous_10)","decl":{"start":{"line":125,"column":12},"end":{"line":125,"column":13}},"loc":{"start":{"line":125,"column":26},"end":{"line":130,"column":7}},"line":125},"11":{"name":"(anonymous_11)","decl":{"start":{"line":131,"column":13},"end":{"line":131,"column":14}},"loc":{"start":{"line":131,"column":24},"end":{"line":133,"column":7}},"line":131},"12":{"name":"(anonymous_12)","decl":{"start":{"line":140,"column":35},"end":{"line":140,"column":36}},"loc":{"start":{"line":140,"column":64},"end":{"line":153,"column":1}},"line":140}},"branchMap":{"0":{"loc":{"start":{"line":6,"column":2},"end":{"line":24,"column":3}},"type":"if","locations":[{"start":{"line":6,"column":2},"end":{"line":24,"column":3}},{"start":{"line":6,"column":2},"end":{"line":24,"column":3}}],"line":6},"1":{"loc":{"start":{"line":7,"column":4},"end":{"line":16,"column":5}},"type":"if","locations":[{"start":{"line":7,"column":4},"end":{"line":16,"column":5}},{"start":{"line":7,"column":4},"end":{"line":16,"column":5}}],"line":7},"2":{"loc":{"start":{"line":11,"column":33},"end":{"line":13,"column":18}},"type":"cond-expr","locations":[{"start":{"line":12,"column":10},"end":{"line":12,"column":25}},{"start":{"line":13,"column":10},"end":{"line":13,"column":18}}],"line":11},"3":{"loc":{"start":{"line":19,"column":31},"end":{"line":21,"column":16}},"type":"cond-expr","locations":[{"start":{"line":20,"column":8},"end":{"line":20,"column":23}},{"start":{"line":21,"column":8},"end":{"line":21,"column":16}}],"line":19},"4":{"loc":{"start":{"line":35,"column":2},"end":{"line":66,"column":3}},"type":"if","locations":[{"start":{"line":35,"column":2},"end":{"line":66,"column":3}},{"start":{"line":35,"column":2},"end":{"line":66,"column":3}}],"line":35},"5":{"loc":{"start":{"line":43,"column":6},"end":{"line":49,"column":7}},"type":"if","locations":[{"start":{"line":43,"column":6},"end":{"line":49,"column":7}},{"start":{"line":43,"column":6},"end":{"line":49,"column":7}}],"line":43},"6":{"loc":{"start":{"line":43,"column":10},"end":{"line":43,"column":36}},"type":"binary-expr","locations":[{"start":{"line":43,"column":10},"end":{"line":43,"column":14}},{"start":{"line":43,"column":18},"end":{"line":43,"column":36}}],"line":43},"7":{"loc":{"start":{"line":46,"column":8},"end":{"line":48,"column":9}},"type":"if","locations":[{"start":{"line":46,"column":8},"end":{"line":48,"column":9}},{"start":{"line":46,"column":8},"end":{"line":48,"column":9}}],"line":46},"8":{"loc":{"start":{"line":56,"column":4},"end":{"line":65,"column":5}},"type":"if","locations":[{"start":{"line":56,"column":4},"end":{"line":65,"column":5}},{"start":{"line":56,"column":4},"end":{"line":65,"column":5}}],"line":56},"9":{"loc":{"start":{"line":127,"column":26},"end":{"line":127,"column":65}},"type":"cond-expr","locations":[{"start":{"line":127,"column":52},"end":{"line":127,"column":56}},{"start":{"line":127,"column":59},"end":{"line":127,"column":65}}],"line":127},"10":{"loc":{"start":{"line":144,"column":2},"end":{"line":152,"column":3}},"type":"if","locations":[{"start":{"line":144,"column":2},"end":{"line":152,"column":3}},{"start":{"line":144,"column":2},"end":{"line":152,"column":3}}],"line":144}},"s":{"0":2,"1":3,"2":0,"3":0,"4":0,"5":0,"6":0,"7":3,"8":3,"9":3,"10":2,"11":4,"12":4,"13":4,"14":2,"15":2,"16":5,"17":5,"18":5,"19":1,"20":4,"21":3,"22":2,"23":2,"24":1,"25":1,"26":1,"27":2,"28":1,"29":1,"30":1,"31":1,"32":1,"33":1,"34":2,"35":1,"36":1,"37":1,"38":1,"39":1,"40":5,"41":5,"42":1,"43":1,"44":2,"45":1,"46":5,"47":5,"48":5,"49":5,"50":0,"51":1,"52":2,"53":0,"54":0,"55":0},"f":{"0":3,"1":4,"2":5,"3":1,"4":1,"5":1,"6":1,"7":5,"8":1,"9":5,"10":5,"11":0,"12":0},"b":{"0":[0,3],"1":[0,0],"2":[0,0],"3":[2,1],"4":[2,2],"5":[1,4],"6":[5,5],"7":[3,1],"8":[1,1],"9":[4,1],"10":[0,0]},"_coverageSchema":"1a1c01bbd47fc00a2c39e90264f33305004495a9","hash":"194baf1a53203478dd56444de32915aef8302448"}
,"D:\\Aprendizaje continuo\\Laboratoria\\1. Proyectos\\mdlinks\\test\\data.js": {"path":"D:\\Aprendizaje continuo\\Laboratoria\\1. Proyectos\\mdlinks\\test\\data.js","statementMap":{"0":{"start":{"line":1,"column":13},"end":{"line":105,"column":1}}},"fnMap":{},"branchMap":{},"s":{"0":2},"f":{},"b":{},"_coverageSchema":"1a1c01bbd47fc00a2c39e90264f33305004495a9","hash":"126926fc2cace352c674705c8d78a03a1f0a6732"}
}
